  main.cpp
C:\Users\Hung\source\repos\ComputerGraphics_Nhom9\demo\opengl_demo\include\GL\Vector_Matrix.h(1,10): warning C4067: unexpected tokens following preprocessor directive - expected a newline
  (compiling source file 'main.cpp')
  
C:\Users\Hung\source\repos\ComputerGraphics_Nhom9\demo\opengl_demo\main.cpp(463,93): warning C4305: 'argument': truncation from 'double' to 'float'
C:\Users\Hung\source\repos\ComputerGraphics_Nhom9\demo\opengl_demo\main.cpp(478,93): warning C4305: 'argument': truncation from 'double' to 'float'
C:\Users\Hung\source\repos\ComputerGraphics_Nhom9\demo\opengl_demo\main.cpp(493,33): warning C4305: 'argument': truncation from 'double' to 'float'
C:\Users\Hung\source\repos\ComputerGraphics_Nhom9\demo\opengl_demo\main.cpp(507,40): warning C4305: 'argument': truncation from 'double' to 'float'
C:\Users\Hung\source\repos\ComputerGraphics_Nhom9\demo\opengl_demo\main.cpp(507,33): warning C4305: 'argument': truncation from 'double' to 'float'
C:\Users\Hung\source\repos\ComputerGraphics_Nhom9\demo\opengl_demo\main.cpp(507,28): warning C4305: 'argument': truncation from 'double' to 'float'
C:\Users\Hung\source\repos\ComputerGraphics_Nhom9\demo\opengl_demo\main.cpp(521,41): warning C4305: 'argument': truncation from 'double' to 'float'
C:\Users\Hung\source\repos\ComputerGraphics_Nhom9\demo\opengl_demo\main.cpp(521,34): warning C4305: 'argument': truncation from 'double' to 'float'
C:\Users\Hung\source\repos\ComputerGraphics_Nhom9\demo\opengl_demo\main.cpp(521,28): warning C4305: 'argument': truncation from 'double' to 'float'
C:\Users\Hung\source\repos\ComputerGraphics_Nhom9\demo\opengl_demo\main.cpp(535,40): warning C4305: 'argument': truncation from 'double' to 'float'
C:\Users\Hung\source\repos\ComputerGraphics_Nhom9\demo\opengl_demo\main.cpp(535,33): warning C4305: 'argument': truncation from 'double' to 'float'
C:\Users\Hung\source\repos\ComputerGraphics_Nhom9\demo\opengl_demo\main.cpp(535,28): warning C4305: 'argument': truncation from 'double' to 'float'
C:\Users\Hung\source\repos\ComputerGraphics_Nhom9\demo\opengl_demo\main.cpp(550,41): warning C4305: 'argument': truncation from 'double' to 'float'
C:\Users\Hung\source\repos\ComputerGraphics_Nhom9\demo\opengl_demo\main.cpp(550,34): warning C4305: 'argument': truncation from 'double' to 'float'
C:\Users\Hung\source\repos\ComputerGraphics_Nhom9\demo\opengl_demo\main.cpp(550,28): warning C4305: 'argument': truncation from 'double' to 'float'
C:\Users\Hung\source\repos\ComputerGraphics_Nhom9\demo\opengl_demo\main.cpp(565,28): warning C4305: 'argument': truncation from 'double' to 'float'
C:\Users\Hung\source\repos\ComputerGraphics_Nhom9\demo\opengl_demo\main.cpp(580,35): warning C4305: 'argument': truncation from 'double' to 'float'
C:\Users\Hung\source\repos\ComputerGraphics_Nhom9\demo\opengl_demo\main.cpp(580,28): warning C4305: 'argument': truncation from 'double' to 'float'
C:\Users\Hung\source\repos\ComputerGraphics_Nhom9\demo\opengl_demo\main.cpp(595,35): warning C4305: 'argument': truncation from 'double' to 'float'
C:\Users\Hung\source\repos\ComputerGraphics_Nhom9\demo\opengl_demo\main.cpp(595,28): warning C4305: 'argument': truncation from 'double' to 'float'
C:\Users\Hung\source\repos\ComputerGraphics_Nhom9\demo\opengl_demo\main.cpp(610,35): warning C4305: 'argument': truncation from 'double' to 'float'
C:\Users\Hung\source\repos\ComputerGraphics_Nhom9\demo\opengl_demo\main.cpp(610,28): warning C4305: 'argument': truncation from 'double' to 'float'
C:\Users\Hung\source\repos\ComputerGraphics_Nhom9\demo\opengl_demo\main.cpp(625,34): warning C4305: 'argument': truncation from 'double' to 'float'
  opengl_demo.vcxproj -> C:\Users\Hung\Source\Repos\ComputerGraphics_Nhom9\demo\x64\Debug\opengl_demo.exe
